Flow report for UART_Demonstration
Fri Mar 02 14:40:31 2018
Quartus Prime Version 17.1.0 Build 590 10/25/2017 SJ Lite Edition


---------------------
; Table of Contents ;
---------------------
  1. Legal Notice
  2. Flow Summary
  3. Flow Settings
  4. Flow Non-Default Global Settings
  5. Flow Elapsed Time
  6. Flow OS Summary
  7. Flow Log
  8. Flow Messages
  9. Flow Suppressed Messages



----------------
; Legal Notice ;
----------------
Copyright (C) 2017  Intel Corporation. All rights reserved.
Your use of Intel Corporation's design tools, logic functions 
and other software and tools, and its AMPP partner logic 
functions, and any output files from any of the foregoing 
(including device programming or simulation files), and any 
associated documentation or information are expressly subject 
to the terms and conditions of the Intel Program License 
Subscription Agreement, the Intel Quartus Prime License Agreement,
the Intel FPGA IP License Agreement, or other applicable license
agreement, including, without limitation, that your use is for
the sole purpose of programming logic devices manufactured by
Intel and sold by Intel or its authorized distributors.  Please
refer to the applicable agreement for further details.



+-------------------------------------------------------------------------------+
; Flow Summary                                                                  ;
+---------------------------------+---------------------------------------------+
; Flow Status                     ; Successful - Fri Mar 02 14:40:12 2018       ;
; Quartus Prime Version           ; 17.1.0 Build 590 10/25/2017 SJ Lite Edition ;
; Revision Name                   ; UART_Demonstration                          ;
; Top-level Entity Name           ; Uart_Demo_Top                               ;
; Family                          ; Cyclone V                                   ;
; Device                          ; 5CSEBA6U23I7                                ;
; Timing Models                   ; Final                                       ;
; Logic utilization (in ALMs)     ; 1,446 / 41,910 ( 3 % )                      ;
; Total registers                 ; 2120                                        ;
; Total pins                      ; 15 / 314 ( 5 % )                            ;
; Total virtual pins              ; 0                                           ;
; Total block memory bits         ; 1,343,936 / 5,662,720 ( 24 % )              ;
; Total DSP Blocks                ; 2 / 112 ( 2 % )                             ;
; Total HSSI RX PCSs              ; 0                                           ;
; Total HSSI PMA RX Deserializers ; 0                                           ;
; Total HSSI TX PCSs              ; 0                                           ;
; Total HSSI PMA TX Serializers   ; 0                                           ;
; Total PLLs                      ; 1 / 6 ( 17 % )                              ;
; Total DLLs                      ; 0 / 4 ( 0 % )                               ;
+---------------------------------+---------------------------------------------+


+-----------------------------------------+
; Flow Settings                           ;
+-------------------+---------------------+
; Option            ; Setting             ;
+-------------------+---------------------+
; Start date & time ; 03/02/2018 14:37:42 ;
; Main task         ; Compilation         ;
; Revision Name     ; UART_Demonstration  ;
+-------------------+---------------------+


+---------------------------------------------------------------------------------------------------------------------------------------------------+
; Flow Non-Default Global Settings                                                                                                                  ;
+-------------------------------------+-----------------------------------------------------------+--------------------+---------------+------------+
; Assignment Name                     ; Value                                                     ; Default Value      ; Entity Name   ; Section Id ;
+-------------------------------------+-----------------------------------------------------------+--------------------+---------------+------------+
; COMPILER_SIGNATURE_ID               ; 81714824938235.152001946212952                            ; --                 ; --            ; --         ;
; MAX_CORE_JUNCTION_TEMP              ; 100                                                       ; --                 ; --            ; --         ;
; MIN_CORE_JUNCTION_TEMP              ; -40                                                       ; --                 ; --            ; --         ;
; MISC_FILE                           ; UART_IO/synthesis/../UART_IO.cmp                          ; --                 ; --            ; --         ;
; MISC_FILE                           ; UART_IO/synthesis/../../UART_IO.qsys                      ; --                 ; --            ; --         ;
; PARTITION_COLOR                     ; -- (Not supported for targeted family)                    ; --                 ; Uart_Demo_Top ; Top        ;
; PARTITION_FITTER_PRESERVATION_LEVEL ; -- (Not supported for targeted family)                    ; --                 ; Uart_Demo_Top ; Top        ;
; PARTITION_NETLIST_TYPE              ; -- (Not supported for targeted family)                    ; --                 ; Uart_Demo_Top ; Top        ;
; POWER_BOARD_THERMAL_MODEL           ; None (CONSERVATIVE)                                       ; --                 ; --            ; --         ;
; POWER_PRESET_COOLING_SOLUTION       ; 23 MM HEAT SINK WITH 200 LFPM AIRFLOW                     ; --                 ; --            ; --         ;
; PROJECT_OUTPUT_DIRECTORY            ; output_files                                              ; --                 ; --            ; --         ;
; SLD_FILE                            ; UART_IO/synthesis/UART_IO.regmap                          ; --                 ; --            ; --         ;
; SLD_FILE                            ; UART_IO/synthesis/UART_IO.debuginfo                       ; --                 ; --            ; --         ;
; SLD_INFO                            ; QSYS_NAME UART_IO HAS_SOPCINFO 1 GENERATION_ID 1520015692 ; --                 ; UART_IO       ; --         ;
; SOPCINFO_FILE                       ; UART_IO/synthesis/../../UART_IO.sopcinfo                  ; --                 ; --            ; --         ;
; SYNTHESIS_ONLY_QIP                  ; On                                                        ; --                 ; --            ; --         ;
; TOP_LEVEL_ENTITY                    ; Uart_Demo_Top                                             ; UART_Demonstration ; --            ; --         ;
+-------------------------------------+-----------------------------------------------------------+--------------------+---------------+------------+


+-------------------------------------------------------------------------------------------------------------------------------+
; Flow Elapsed Time                                                                                                             ;
+---------------------------+--------------+-------------------------+---------------------+------------------------------------+
; Module Name               ; Elapsed Time ; Average Processors Used ; Peak Virtual Memory ; Total CPU Time (on all processors) ;
+---------------------------+--------------+-------------------------+---------------------+------------------------------------+
; Analysis & Synthesis      ; 00:00:43     ; 1.0                     ; 907 MB              ; 00:01:06                           ;
; Fitter                    ; 00:01:29     ; 1.2                     ; 2743 MB             ; 00:02:59                           ;
; Assembler                 ; 00:00:10     ; 1.0                     ; 778 MB              ; 00:00:10                           ;
; TimeQuest Timing Analyzer ; 00:00:18     ; 1.8                     ; 1221 MB             ; 00:00:28                           ;
; Total                     ; 00:02:40     ; --                      ; --                  ; 00:04:43                           ;
+---------------------------+--------------+-------------------------+---------------------+------------------------------------+


+----------------------------------------------------------------------------------------+
; Flow OS Summary                                                                        ;
+---------------------------+------------------+-----------+------------+----------------+
; Module Name               ; Machine Hostname ; OS Name   ; OS Version ; Processor type ;
+---------------------------+------------------+-----------+------------+----------------+
; Analysis & Synthesis      ; 9K8FP12          ; Windows 7 ; 6.1        ; x86_64         ;
; Fitter                    ; 9K8FP12          ; Windows 7 ; 6.1        ; x86_64         ;
; Assembler                 ; 9K8FP12          ; Windows 7 ; 6.1        ; x86_64         ;
; TimeQuest Timing Analyzer ; 9K8FP12          ; Windows 7 ; 6.1        ; x86_64         ;
+---------------------------+------------------+-----------+------------+----------------+


------------
; Flow Log ;
------------
quartus_map --read_settings_files=on --write_settings_files=off UART_IO -c UART_Demonstration
quartus_fit --read_settings_files=off --write_settings_files=off UART_IO -c UART_Demonstration
quartus_asm --read_settings_files=off --write_settings_files=off UART_IO -c UART_Demonstration
quartus_sta UART_IO -c UART_Demonstration



